<?xml version="1.0" encoding="UTF-8"?>
<!-- Generated by org.testng.reporters.JUnitReportReporter -->
<testsuite hostname="MSI" failures="0" tests="3" name="com.testNG.TestNGGroups" time="0.029" errors="0" timestamp="2023-08-29T13:31:33 IST" skipped="0">
  <testcase classname="com.testNG.TestNGGroups" name="testCase3" time="0.003"/>
  <system-out/>
  <testcase classname="com.testNG.TestNGGroups" name="testCase2" time="0.022"/>
  <system-out/>
  <testcase classname="com.testNG.TestNGGroups" name="testCase4" time="0.004"/>
  <system-out/>
</testsuite> <!-- com.testNG.TestNGGroups -->
