<?xml version="1.0" encoding="UTF-8"?>
<!-- Generated by org.testng.reporters.JUnitReportReporter -->
<testsuite hostname="MSI" failures="0" tests="1" name="com.selenium.intermediate.GreenCartDiscountPercentage" time="4.789" errors="0" timestamp="2023-08-10T11:54:25 IST" skipped="0">
  <testcase classname="com.selenium.intermediate.GreenCartDiscountPercentage" name="testcase1" time="4.789"/>
  <system-out/>
</testsuite> <!-- com.selenium.intermediate.GreenCartDiscountPercentage -->
