<?xml version="1.0" encoding="UTF-8"?>
<!-- Generated by org.testng.reporters.JUnitReportReporter -->
<testsuite hostname="MSI" failures="0" tests="1" name="com.selenium.interview.ParallelEx1" time="8.041" errors="0" timestamp="2023-10-12T19:09:26 IST" skipped="0">
  <testcase classname="com.selenium.interview.ParallelEx1" name="parallel1" time="8.041"/>
  <system-out/>
</testsuite> <!-- com.selenium.interview.ParallelEx1 -->
