<?xml version="1.0" encoding="UTF-8"?>
<!-- Generated by org.testng.reporters.JUnitReportReporter -->
<testsuite hostname="MSI" failures="0" tests="1" name="com.selenium.interview.SoftAssertionEx" time="0.031" errors="0" timestamp="2023-10-12T15:14:15 IST" skipped="0">
  <testcase classname="com.selenium.interview.SoftAssertionEx" name="softAssertion" time="0.031"/>
  <system-out/>
</testsuite> <!-- com.selenium.interview.SoftAssertionEx -->
