<?xml version="1.0" encoding="UTF-8"?>
<!-- Generated by org.testng.reporters.JUnitReportReporter -->
<testsuite hostname="MSI" failures="0" tests="5" name="com.testNG.ReadExcelUsingDataProveiderPractice" time="26.527" errors="0" timestamp="2023-08-14T12:33:21 IST" skipped="0">
  <testcase classname="com.testNG.ReadExcelUsingDataProveiderPractice" name="fetchdata" time="6.679"/>
  <system-out/>
  <testcase classname="com.testNG.ReadExcelUsingDataProveiderPractice" name="fetchdata" time="4.946"/>
  <system-out/>
  <testcase classname="com.testNG.ReadExcelUsingDataProveiderPractice" name="fetchdata" time="5.119"/>
  <system-out/>
  <testcase classname="com.testNG.ReadExcelUsingDataProveiderPractice" name="fetchdata" time="4.913"/>
  <system-out/>
  <testcase classname="com.testNG.ReadExcelUsingDataProveiderPractice" name="fetchdata" time="4.870"/>
  <system-out/>
</testsuite> <!-- com.testNG.ReadExcelUsingDataProveiderPractice -->
