<?xml version="1.0" encoding="UTF-8"?>
<!-- Generated by org.testng.reporters.JUnitReportReporter -->
<testsuite hostname="MSI" failures="0" tests="1" name="com.selenium.interview.GroupsEx1" time="10.094" errors="0" timestamp="2023-10-12T15:35:53 IST" skipped="0">
  <testcase classname="com.selenium.interview.GroupsEx1" name="myntra" time="10.094"/>
  <system-out/>
</testsuite> <!-- com.selenium.interview.GroupsEx1 -->
