<?xml version="1.0" encoding="UTF-8"?>
<!-- Generated by org.testng.reporters.JUnitReportReporter -->
<testsuite hostname="MSI" failures="0" tests="3" name="com.testNG.TestNGGroups" time="0.034" errors="0" timestamp="2023-08-09T11:56:27 IST" skipped="0">
  <testcase classname="com.testNG.TestNGGroups" name="testCase4" time="0.021"/>
  <system-out/>
  <testcase classname="com.testNG.TestNGGroups" name="testCase3" time="0.001"/>
  <system-out/>
  <testcase classname="com.testNG.TestNGGroups" name="testCase2" time="0.012"/>
  <system-out/>
</testsuite> <!-- com.testNG.TestNGGroups -->
