<?xml version="1.0" encoding="UTF-8"?>
<!-- Generated by org.testng.reporters.JUnitReportReporter -->
<testsuite hostname="MSI" failures="0" tests="3" name="com.testNG.TestNgAnnotations" time="0.009" errors="0" timestamp="2023-08-08T10:40:18 IST" skipped="1">
  <testcase classname="com.testNG.TestNgAnnotations" name="testCase1" time="0.002"/>
  <system-out/>
  <testcase classname="com.testNG.TestNgAnnotations" name="atestCase4" time="0.007"/>
  <system-out/>
  <testcase classname="com.testNG.TestNgAnnotations" name="testCase3">
    <skipped/>
  </testcase> <!-- testCase3 -->
  <system-out/>
</testsuite> <!-- com.testNG.TestNgAnnotations -->
