<?xml version="1.0" encoding="UTF-8"?>
<!-- Generated by org.testng.reporters.JUnitReportReporter -->
<testsuite hostname="MSI" failures="0" tests="2" name="com.testNG.CrossBrowserTesting" time="10.349" errors="0" timestamp="2023-08-11T11:37:55 IST" skipped="0">
  <testcase classname="com.testNG.CrossBrowserTesting" name="verifyTitle" time="4.688"/>
  <system-out/>
  <testcase classname="com.testNG.CrossBrowserTesting" name="verifyTitle" time="5.661"/>
  <system-out/>
</testsuite> <!-- com.testNG.CrossBrowserTesting -->
