<?xml version="1.0" encoding="UTF-8"?>
<!-- Generated by org.testng.reporters.JUnitReportReporter -->
<testsuite hostname="MSI" failures="0" tests="3" name="com.testNG.ParameterizationUsingDataProvider" time="18.890" errors="0" timestamp="2023-08-11T10:57:10 IST" skipped="0">
  <testcase classname="com.testNG.ParameterizationUsingDataProvider" name="fetchData" time="8.239"/>
  <system-out/>
  <testcase classname="com.testNG.ParameterizationUsingDataProvider" name="fetchData" time="4.561"/>
  <system-out/>
  <testcase classname="com.testNG.ParameterizationUsingDataProvider" name="fetchData" time="6.090"/>
  <system-out/>
</testsuite> <!-- com.testNG.ParameterizationUsingDataProvider -->
