<?xml version="1.0" encoding="UTF-8"?>
<!-- Generated by org.testng.reporters.JUnitReportReporter -->
<testsuite hostname="MSI" failures="0" tests="4" name="com.selenium.practice.Attributesoftest" time="0.030" errors="0" timestamp="2023-08-08T10:54:45 IST" skipped="1">
  <testcase classname="com.selenium.practice.Attributesoftest" name="test2" time="0.007"/>
  <system-out/>
  <testcase classname="com.selenium.practice.Attributesoftest" name="atest3" time="0.019"/>
  <system-out/>
  <testcase classname="com.selenium.practice.Attributesoftest" name="test4" time="0.004"/>
  <system-out/>
  <testcase classname="com.selenium.practice.Attributesoftest" name="test1">
    <skipped/>
  </testcase> <!-- test1 -->
  <system-out/>
</testsuite> <!-- com.selenium.practice.Attributesoftest -->
