<?xml version="1.0" encoding="UTF-8"?>
<!-- Generated by org.testng.reporters.JUnitReportReporter -->
<testsuite hostname="MSI" failures="0" tests="2" name="com.testNG.TestNgGr1" time="0.028" errors="0" timestamp="2023-08-09T12:17:17 IST" skipped="0">
  <testcase classname="com.testNG.TestNgGr1" name="test2" time="0.004"/>
  <system-out/>
  <testcase classname="com.testNG.TestNgGr1" name="test1" time="0.024"/>
  <system-out/>
</testsuite> <!-- com.testNG.TestNgGr1 -->
