<?xml version="1.0" encoding="UTF-8"?>
<!-- Generated by org.testng.reporters.JUnitReportReporter -->
<testsuite hostname="MSI" failures="0" tests="1" name="com.testNG.TestNgParameter" time="5.913" errors="0" timestamp="2023-08-10T12:10:26 IST" skipped="0">
  <testcase classname="com.testNG.TestNgParameter" name="dataParamerizationUsingParameter" time="5.913"/>
  <system-out/>
</testsuite> <!-- com.testNG.TestNgParameter -->
