<?xml version="1.0" encoding="UTF-8"?>
<!-- Generated by org.testng.reporters.JUnitReportReporter -->
<testsuite hostname="MSI" failures="0" tests="3" name="com.selenium.interview.DataProviderEx" time="18.640" errors="0" timestamp="2023-10-12T18:59:28 IST" skipped="0">
  <testcase classname="com.selenium.interview.DataProviderEx" name="dataprov" time="5.941"/>
  <system-out/>
  <testcase classname="com.selenium.interview.DataProviderEx" name="dataprov" time="7.606"/>
  <system-out/>
  <testcase classname="com.selenium.interview.DataProviderEx" name="dataprov" time="5.093"/>
  <system-out/>
</testsuite> <!-- com.selenium.interview.DataProviderEx -->
