<?xml version="1.0" encoding="UTF-8"?>
<!-- Generated by org.testng.reporters.JUnitReportReporter -->
<testsuite hostname="MSI" failures="0" tests="1" name="com.selenium.intermediate.GreenCartDiscountPercentage" time="6.139" errors="0" timestamp="2023-08-09T11:17:19 IST" skipped="0">
  <testcase classname="com.selenium.intermediate.GreenCartDiscountPercentage" name="testcase1" time="6.139"/>
  <system-out/>
</testsuite> <!-- com.selenium.intermediate.GreenCartDiscountPercentage -->
