<?xml version="1.0" encoding="UTF-8"?>
<!-- Generated by org.testng.reporters.JUnitReportReporter -->
<testsuite hostname="MSI" failures="0" tests="2" name="com.testNG.CrossBrowserEx" time="10.630" errors="0" timestamp="2023-08-11T11:59:43 IST" skipped="0">
  <testcase classname="com.testNG.CrossBrowserEx" name="verifyTitle" time="5.747"/>
  <system-out/>
  <testcase classname="com.testNG.CrossBrowserEx" name="verifyTitle" time="4.883"/>
  <system-out/>
</testsuite> <!-- com.testNG.CrossBrowserEx -->
