<?xml version="1.0" encoding="UTF-8"?>
<!-- Generated by org.testng.reporters.JUnitReportReporter -->
<testsuite hostname="MSI" failures="0" tests="4" name="com.selenium.interview.DataProviderUsingExcel" time="36.678" errors="0" timestamp="2023-10-12T20:15:15 IST" skipped="0">
  <testcase classname="com.selenium.interview.DataProviderUsingExcel" name="fetchData" time="9.764"/>
  <system-out/>
  <testcase classname="com.selenium.interview.DataProviderUsingExcel" name="fetchData" time="9.437"/>
  <system-out/>
  <testcase classname="com.selenium.interview.DataProviderUsingExcel" name="fetchData" time="7.731"/>
  <system-out/>
  <testcase classname="com.selenium.interview.DataProviderUsingExcel" name="fetchData" time="9.746"/>
  <system-out/>
</testsuite> <!-- com.selenium.interview.DataProviderUsingExcel -->
