<?xml version="1.0" encoding="UTF-8"?>
<!-- Generated by org.testng.reporters.JUnitReportReporter -->
<testsuite hostname="MSI" failures="0" tests="1" name="com.testNG.ReadExcelUsingApachePOI" time="1.299" errors="0" timestamp="2023-08-14T11:42:34 IST" skipped="0">
  <testcase classname="com.testNG.ReadExcelUsingApachePOI" name="readData" time="1.299"/>
  <system-out/>
</testsuite> <!-- com.testNG.ReadExcelUsingApachePOI -->
