<?xml version="1.0" encoding="UTF-8"?>
<!-- Generated by org.testng.reporters.JUnitReportReporter -->
<testsuite hostname="MSI" failures="0" tests="1" name="com.selenium.practice.Gc" time="6.486" errors="0" timestamp="2023-08-09T13:17:30 IST" skipped="0">
  <testcase classname="com.selenium.practice.Gc" name="testcase1" time="6.486"/>
  <system-out/>
</testsuite> <!-- com.selenium.practice.Gc -->
