<?xml version="1.0" encoding="UTF-8"?>
<!-- Generated by org.testng.reporters.JUnitReportReporter -->
<testsuite hostname="MSI" failures="0" tests="3" name="com.testNG.ParameterizationUsingDataProvider" time="31.278" errors="0" timestamp="2023-10-12T18:44:24 IST" skipped="0">
  <testcase classname="com.testNG.ParameterizationUsingDataProvider" name="fetchData" time="9.093"/>
  <system-out/>
  <testcase classname="com.testNG.ParameterizationUsingDataProvider" name="fetchData" time="11.259"/>
  <system-out/>
  <testcase classname="com.testNG.ParameterizationUsingDataProvider" name="fetchData" time="10.926"/>
  <system-out/>
</testsuite> <!-- com.testNG.ParameterizationUsingDataProvider -->
