<?xml version="1.0" encoding="UTF-8"?>
<!-- Generated by org.testng.reporters.JUnitReportReporter -->
<testsuite hostname="MSI" failures="0" tests="1" name="com.selenium.interview.ParameterAnnotation" time="11.650" errors="0" timestamp="2023-10-12T18:42:01 IST" skipped="0">
  <testcase classname="com.selenium.interview.ParameterAnnotation" name="ParameterEx" time="11.650"/>
  <system-out/>
</testsuite> <!-- com.selenium.interview.ParameterAnnotation -->
