<?xml version="1.0" encoding="UTF-8"?>
<!-- Generated by org.testng.reporters.JUnitReportReporter -->
<testsuite hostname="MSI" failures="0" tests="1" name="com.testNG.TestNggr2" time="0.003" errors="0" timestamp="2023-08-09T12:17:17 IST" skipped="0">
  <testcase classname="com.testNG.TestNggr2" name="test5" time="0.003"/>
  <system-out/>
</testsuite> <!-- com.testNG.TestNggr2 -->
