<?xml version="1.0" encoding="UTF-8"?>
<!-- Generated by org.testng.reporters.JUnitReportReporter -->
<testsuite hostname="MSI" failures="0" tests="1" name="com.selenium.interview.GroupEx2" time="8.522" errors="0" timestamp="2023-10-12T15:36:27 IST" skipped="0">
  <testcase classname="com.selenium.interview.GroupEx2" name="titlePage" time="8.522"/>
  <system-out/>
</testsuite> <!-- com.selenium.interview.GroupEx2 -->
