<?xml version="1.0" encoding="UTF-8"?>
<!-- Generated by org.testng.reporters.JUnitReportReporter -->
<testsuite hostname="MSI" failures="0" tests="1" name="com.testNG.FileUploadUsingTestNG" time="9.568" errors="0" timestamp="2023-08-07T11:44:11 IST" skipped="0">
  <testcase classname="com.testNG.FileUploadUsingTestNG" name="fileUpload" time="9.568"/>
  <system-out/>
</testsuite> <!-- com.testNG.FileUploadUsingTestNG -->
