<?xml version="1.0" encoding="UTF-8"?>
<!-- Generated by org.testng.reporters.JUnitReportReporter -->
<testsuite hostname="MSI" failures="0" tests="1" name="com.testNG.TestNGparameterEx" time="5.115" errors="0" timestamp="2023-08-10T12:28:15 IST" skipped="0">
  <testcase classname="com.testNG.TestNGparameterEx" name="dataParamerizationUsingParameter" time="5.115"/>
  <system-out/>
</testsuite> <!-- com.testNG.TestNGparameterEx -->
