<?xml version="1.0" encoding="UTF-8"?>
<!-- Generated by org.testng.reporters.JUnitReportReporter -->
<testsuite hostname="MSI" failures="0" tests="3" name="com.testNG.TestNgAnnotations" time="0.018" errors="0" timestamp="2023-08-07T12:31:46 IST" skipped="0">
  <testcase classname="com.testNG.TestNgAnnotations" name="Test1" time="0.012"/>
  <system-out/>
  <testcase classname="com.testNG.TestNgAnnotations" name="Test2" time="0.003"/>
  <system-out/>
  <testcase classname="com.testNG.TestNgAnnotations" name="Test3" time="0.003"/>
  <system-out/>
</testsuite> <!-- com.testNG.TestNgAnnotations -->
