<?xml version="1.0" encoding="UTF-8"?>
<!-- Generated by org.testng.reporters.JUnitReportReporter -->
<testsuite hostname="MSI" failures="0" tests="3" name="com.testNG.TestNgParallelEx1" time="4.801" errors="0" timestamp="2023-08-10T11:48:06 IST" skipped="0">
  <testcase classname="com.testNG.TestNgParallelEx1" name="launchgoogle" time="1.263"/>
  <system-out/>
  <testcase classname="com.testNG.TestNgParallelEx1" name="launchgoogle" time="1.774"/>
  <system-out/>
  <testcase classname="com.testNG.TestNgParallelEx1" name="launchgoogle" time="1.764"/>
  <system-out/>
</testsuite> <!-- com.testNG.TestNgParallelEx1 -->
