<?xml version="1.0" encoding="UTF-8"?>
<!-- Generated by org.testng.reporters.JUnitReportReporter -->
<testsuite hostname="MSI" failures="0" tests="1" name="com.selenium.interview.ParallelEx2" time="13.680" errors="0" timestamp="2023-10-12T19:09:26 IST" skipped="0">
  <testcase classname="com.selenium.interview.ParallelEx2" name="parallel2" time="13.680"/>
  <system-out/>
</testsuite> <!-- com.selenium.interview.ParallelEx2 -->
