<?xml version="1.0" encoding="UTF-8"?>
<!-- Generated by org.testng.reporters.JUnitReportReporter -->
<testsuite hostname="MSI" failures="0" tests="5" name="com.testNG.ReadExcelUsingDataprovider" time="27.066" errors="0" timestamp="2023-08-14T12:11:20 IST" skipped="0">
  <testcase classname="com.testNG.ReadExcelUsingDataprovider" name="fetchData" time="4.924"/>
  <system-out/>
  <testcase classname="com.testNG.ReadExcelUsingDataprovider" name="fetchData" time="4.934"/>
  <system-out/>
  <testcase classname="com.testNG.ReadExcelUsingDataprovider" name="fetchData" time="7.601"/>
  <system-out/>
  <testcase classname="com.testNG.ReadExcelUsingDataprovider" name="fetchData" time="4.893"/>
  <system-out/>
  <testcase classname="com.testNG.ReadExcelUsingDataprovider" name="fetchData" time="4.714"/>
  <system-out/>
</testsuite> <!-- com.testNG.ReadExcelUsingDataprovider -->
