<?xml version="1.0" encoding="UTF-8"?>
<!-- Generated by org.testng.reporters.JUnitReportReporter -->
<testsuite hostname="MSI" failures="0" tests="3" name="com.testNG.ParameterizationUsingDataProvider" time="14.305" errors="0" timestamp="2023-08-17T14:17:27 IST" skipped="0">
  <testcase classname="com.testNG.ParameterizationUsingDataProvider" name="fetchData" time="4.376"/>
  <system-out/>
  <testcase classname="com.testNG.ParameterizationUsingDataProvider" name="fetchData" time="4.380"/>
  <system-out/>
  <testcase classname="com.testNG.ParameterizationUsingDataProvider" name="fetchData" time="5.549"/>
  <system-out/>
</testsuite> <!-- com.testNG.ParameterizationUsingDataProvider -->
