<?xml version="1.0" encoding="UTF-8"?>
<!-- Generated by org.testng.reporters.JUnitReportReporter -->
<testsuite hostname="MSI" failures="0" tests="3" name="com.selenium.practice.TestNGDataProvider" time="15.348" errors="0" timestamp="2023-08-11T11:21:07 IST" skipped="0">
  <testcase classname="com.selenium.practice.TestNGDataProvider" name="fetchdata" time="4.109"/>
  <system-out/>
  <testcase classname="com.selenium.practice.TestNGDataProvider" name="fetchdata" time="5.317"/>
  <system-out/>
  <testcase classname="com.selenium.practice.TestNGDataProvider" name="fetchdata" time="5.922"/>
  <system-out/>
</testsuite> <!-- com.selenium.practice.TestNGDataProvider -->
