<?xml version="1.0" encoding="UTF-8"?>
<!-- Generated by org.testng.reporters.JUnitReportReporter -->
<testsuite hostname="MSI" failures="0" tests="1" name="com.selenium.interview.CrossBrowserEx" time="14.671" errors="0" timestamp="2023-10-12T19:33:53 IST" skipped="0">
  <testcase classname="com.selenium.interview.CrossBrowserEx" name="searchfun" time="14.671"/>
  <system-out/>
</testsuite> <!-- com.selenium.interview.CrossBrowserEx -->
