<?xml version="1.0" encoding="UTF-8"?>
<!-- Generated by org.testng.reporters.JUnitReportReporter -->
<testsuite hostname="MSI" failures="0" tests="1" name="com.testNG.AssertionW3schools" time="7.310" errors="0" timestamp="2023-09-27T19:21:24 IST" skipped="0">
  <testcase classname="com.testNG.AssertionW3schools" name="AssertW3schools" time="7.310"/>
  <system-out/>
</testsuite> <!-- com.testNG.AssertionW3schools -->
