<?xml version="1.0" encoding="UTF-8"?>
<!-- Generated by org.testng.reporters.JUnitReportReporter -->
<testsuite hostname="MSI" failures="0" tests="2" name="com.testNG.TestNGGroups2" time="0.006" errors="0" timestamp="2023-08-29T13:31:33 IST" skipped="0">
  <testcase classname="com.testNG.TestNGGroups2" name="testCase7" time="0.004"/>
  <system-out/>
  <testcase classname="com.testNG.TestNGGroups2" name="testCase8" time="0.002"/>
  <system-out/>
</testsuite> <!-- com.testNG.TestNGGroups2 -->
