<?xml version="1.0" encoding="UTF-8"?>
<!-- Generated by org.testng.reporters.JUnitReportReporter -->
<testsuite hostname="MSI" failures="0" tests="4" name="com.selenium.practice.TestAssertionEx" time="14.759" errors="0" timestamp="2023-08-08T11:32:21 IST" skipped="0">
  <testcase classname="com.selenium.practice.TestAssertionEx" name="assertequals" time="3.010"/>
  <system-out/>
  <testcase classname="com.selenium.practice.TestAssertionEx" name="asserttrue" time="2.693"/>
  <system-out/>
  <testcase classname="com.selenium.practice.TestAssertionEx" name="assertfalse" time="3.402"/>
  <system-out/>
  <testcase classname="com.selenium.practice.TestAssertionEx" name="assertnotequals" time="5.654"/>
  <system-out/>
</testsuite> <!-- com.selenium.practice.TestAssertionEx -->
