<?xml version="1.0" encoding="UTF-8"?>
<!-- Generated by org.testng.reporters.JUnitReportReporter -->
<testsuite hostname="MSI" failures="0" tests="1" name="com.testNG.ReadExcelPractice" time="1.300" errors="0" timestamp="2023-08-14T11:42:57 IST" skipped="0">
  <testcase classname="com.testNG.ReadExcelPractice" name="testdata" time="1.300"/>
  <system-out/>
</testsuite> <!-- com.testNG.ReadExcelPractice -->
