<?xml version="1.0" encoding="UTF-8"?>
<!-- Generated by org.testng.reporters.JUnitReportReporter -->
<testsuite hostname="MSI" failures="0" tests="1" name="com.selenium.assignment.AmazonAssignment" time="5.178" errors="0" timestamp="2023-08-11T10:17:29 IST" skipped="0">
  <testcase classname="com.selenium.assignment.AmazonAssignment" name="amazon" time="5.178"/>
  <system-out/>
</testsuite> <!-- com.selenium.assignment.AmazonAssignment -->
