<?xml version="1.0" encoding="UTF-8"?>
<!-- Generated by org.testng.reporters.JUnitReportReporter -->
<testsuite hostname="MSI" failures="0" tests="1" name="com.testNG.TwoProgramsTestNg" time="16.257" errors="0" timestamp="2023-08-07T11:53:37 IST" skipped="0">
  <testcase classname="com.testNG.TwoProgramsTestNg" name="rightclick" time="16.257"/>
  <system-out/>
</testsuite> <!-- com.testNG.TwoProgramsTestNg -->
